Using pre-set license
Built from '2020.3/staging' branch; Version is '2020.3.43f1 (75bff06b76bf) revision 7716848'; Using compiler version '192528614'; Build Type 'Release'
OS: 'Windows 11  (10.0.22000) 64bit Core' Language: 'zh' Physical Memory: 16166 MB
BatchMode: 1, IsHumanControllingUs: 0, StartBugReporterOnCrash: 0, Is64bit: 1, IsPro: 0

COMMAND LINE ARGUMENTS:
C:\Users\kenny\OneDrive\Desktop\2020.3.43f1\Editor\Unity.exe
-adb2
-batchMode
-noUpm
-name
AssetImportWorker0
-projectPath
C:/Users/kenny/Documents/Unity專案暫存/lipstick_app
-logFile
Logs/AssetImportWorker0.log
-srvPort
61105
Successfully changed project path to: C:/Users/kenny/Documents/Unity專案暫存/lipstick_app
C:/Users/kenny/Documents/Unity專案暫存/lipstick_app
Using Asset Import Pipeline V2.
Refreshing native plugins compatible for Editor in 51.31 ms, found 2 plugins.
Preloading 0 native plugins for Editor in 0.00 ms.
Initialize engine version: 2020.3.43f1 (75bff06b76bf)
[Subsystems] Discovering subsystems at path C:/Users/kenny/OneDrive/Desktop/2020.3.43f1/Editor/Data/Resources/UnitySubsystems
[Subsystems] Discovering subsystems at path C:/Users/kenny/Documents/Unity專案暫存/lipstick_app/Assets
GfxDevice: creating device client; threaded=0
Direct3D:
    Version:  Direct3D 11.0 [level 11.1]
    Renderer: NVIDIA GeForce RTX 2060 (ID=0x1f15)
    Vendor:   
    VRAM:     5980 MB
    Driver:   30.0.15.1278
Initialize mono
Mono path[0] = 'C:/Users/kenny/OneDrive/Desktop/2020.3.43f1/Editor/Data/Managed'
Mono path[1] = 'C:/Users/kenny/OneDrive/Desktop/2020.3.43f1/Editor/Data/MonoBleedingEdge/lib/mono/unityjit'
Mono config path = 'C:/Users/kenny/OneDrive/Desktop/2020.3.43f1/Editor/Data/MonoBleedingEdge/etc'
Using monoOptions --debugger-agent=transport=dt_socket,embedding=1,server=y,suspend=n,address=127.0.0.1:56152
Begin MonoManager ReloadAssembly
Registering precompiled unity dll's ...
Register platform support module: C:/Users/kenny/OneDrive/Desktop/2020.3.43f1/Editor/Data/PlaybackEngines/WindowsStandaloneSupport/UnityEditor.WindowsStandalone.Extensions.dll
Registered in 0.002697 seconds.
Native extension for WindowsStandalone target not found
Refreshing native plugins compatible for Editor in 43.25 ms, found 2 plugins.
Preloading 0 native plugins for Editor in 0.00 ms.
Mono: successfully reloaded assembly
- Completed reload, in  0.824 seconds
Domain Reload Profiling:
	ReloadAssembly (825ms)
		BeginReloadAssembly (105ms)
			ExecutionOrderSort (0ms)
			DisableScriptedObjects (0ms)
			BackupInstance (0ms)
			ReleaseScriptingObjects (0ms)
			CreateAndSetChildDomain (1ms)
		EndReloadAssembly (618ms)
			LoadAssemblies (99ms)
			RebuildTransferFunctionScriptingTraits (0ms)
			SetupTypeCache (224ms)
			ReleaseScriptCaches (0ms)
			RebuildScriptCaches (45ms)
			SetupLoadedEditorAssemblies (213ms)
				LogAssemblyErrors (0ms)
				InitializePlatformSupportModulesInManaged (7ms)
				SetLoadedEditorAssemblies (0ms)
				RefreshPlugins (43ms)
				BeforeProcessingInitializeOnLoad (20ms)
				ProcessInitializeOnLoadAttributes (105ms)
				ProcessInitializeOnLoadMethodAttributes (36ms)
				AfterProcessingInitializeOnLoad (0ms)
				EditorAssembliesLoaded (0ms)
			ExecutionOrderSort2 (0ms)
			AwakeInstancesAfterBackupRestoration (0ms)
Platform modules already initialized, skipping
Registering precompiled user dll's ...
Registered in 0.005499 seconds.
Begin MonoManager ReloadAssembly
Native extension for WindowsStandalone target not found
Refreshing native plugins compatible for Editor in 0.41 ms, found 2 plugins.
Preloading 0 native plugins for Editor in 0.00 ms.
Mono: successfully reloaded assembly
- Completed reload, in  1.504 seconds
Domain Reload Profiling:
	ReloadAssembly (1506ms)
		BeginReloadAssembly (217ms)
			ExecutionOrderSort (0ms)
			DisableScriptedObjects (6ms)
			BackupInstance (0ms)
			ReleaseScriptingObjects (0ms)
			CreateAndSetChildDomain (24ms)
		EndReloadAssembly (1189ms)
			LoadAssemblies (149ms)
			RebuildTransferFunctionScriptingTraits (0ms)
			SetupTypeCache (411ms)
			ReleaseScriptCaches (1ms)
			RebuildScriptCaches (61ms)
			SetupLoadedEditorAssemblies (481ms)
				LogAssemblyErrors (0ms)
				InitializePlatformSupportModulesInManaged (6ms)
				SetLoadedEditorAssemblies (1ms)
				RefreshPlugins (0ms)
				BeforeProcessingInitializeOnLoad (123ms)
				ProcessInitializeOnLoadAttributes (315ms)
				ProcessInitializeOnLoadMethodAttributes (24ms)
				AfterProcessingInitializeOnLoad (10ms)
				EditorAssembliesLoaded (0ms)
			ExecutionOrderSort2 (0ms)
			AwakeInstancesAfterBackupRestoration (3ms)
Platform modules already initialized, skipping
========================================================================
Worker process is ready to serve import requests
Launched and connected shader compiler UnityShaderCompiler.exe after 0.08 seconds
Refreshing native plugins compatible for Editor in 0.40 ms, found 2 plugins.
Preloading 0 native plugins for Editor in 0.00 ms.
Unloading 1489 Unused Serialized files (Serialized files now loaded: 0)
System memory in use before: 67.9 MB.
System memory in use after: 68.0 MB.

Unloading 17 unused Assets to reduce memory usage. Loaded Objects now: 1925.
Total: 4.207400 ms (FindLiveObjects: 0.268800 ms CreateObjectMapping: 0.148900 ms MarkObjects: 3.672100 ms  DeleteObjects: 0.115400 ms)

AssetImportParameters requested are different than current active one (requested -> active):
  custom:framework-win-MediaFoundation: 216162199b28c13a410421893ffa2e32 -> 
  custom:video-decoder-ogg-theora: a1e56fd34408186e4bbccfd4996cb3dc -> 
  custom:container-muxer-webm: aa71ff27fc2769a1b78a27578f13a17b -> 
  custom:container-demuxer-webm: 4f35f7cbe854078d1ac9338744f61a02 -> 
  custom:container-demuxer-ogg: 62fdf1f143b41e24485cea50d1cbac27 -> 
  custom:video-encoder-webm-vp8: eb34c28f22e8b96e1ab97ce403110664 -> 
  custom:video-codec-MediaFoundation-h265: 746d11721c4dcdbdad8f713fa42b33f4 -> 
  custom:video-decoder-webm-vp8: 9c59270c3fd7afecdb556c50c9e8de78 -> 
  custom:audio-decoder-ogg-vorbis: bf7c407c2cedff20999df2af8eb42d56 -> 
  custom:audio-encoder-webm-vorbis: bf7c407c2cedff20999df2af8eb42d56 -> 
========================================================================
Received Import Request.
  path: Assets/Scenes
  artifactKey: Guid(6ea315d0fd7389c41b19996891e99ae3) Importer(815301076,1909f56bfc062723c751e8b465ee728b)
Start importing Assets/Scenes using Guid(6ea315d0fd7389c41b19996891e99ae3) Importer(815301076,1909f56bfc062723c751e8b465ee728b)  -> (artifact id: '9168112a17b07f3ee034ca0d2dc1544d') in 0.015842 seconds 
========================================================================
Received Import Request.
  Time since last request: 2.686297 seconds.
  path: Assets/Scenes/New Scene.unity
  artifactKey: Guid(f6d4757e5fcdb684f94c0d6398b17578) Importer(815301076,1909f56bfc062723c751e8b465ee728b)
Start importing Assets/Scenes/New Scene.unity using Guid(f6d4757e5fcdb684f94c0d6398b17578) Importer(815301076,1909f56bfc062723c751e8b465ee728b)  -> (artifact id: 'f086f3b25cfba962f883bb19b27c03f0') in 0.011792 seconds 
========================================================================
Received Import Request.
  Time since last request: 0.537497 seconds.
  path: Assets/Scenes/SampleScene.unity
  artifactKey: Guid(9fc0d4010bbf28b4594072e72b8655ab) Importer(815301076,1909f56bfc062723c751e8b465ee728b)
Start importing Assets/Scenes/SampleScene.unity using Guid(9fc0d4010bbf28b4594072e72b8655ab) Importer(815301076,1909f56bfc062723c751e8b465ee728b)  -> (artifact id: '94c55409359c0051422e58de30b0573d') in 0.013538 seconds 
========================================================================
Received Import Request.
  Time since last request: 522.946985 seconds.
  path: Assets/background
  artifactKey: Guid(f627cfa0d0e66274f80478a211be4d3b) Importer(815301076,1909f56bfc062723c751e8b465ee728b)
Start importing Assets/background using Guid(f627cfa0d0e66274f80478a211be4d3b) Importer(815301076,1909f56bfc062723c751e8b465ee728b)  -> (artifact id: 'ff7bb50a3df6c8649ee43ab6de1f1df0') in 0.011937 seconds 
========================================================================
Received Import Request.
  Time since last request: 1011.930843 seconds.
  path: Assets/background/personal_profile.png
  artifactKey: Guid(5654fbdeeb6a30748b08e8f0a737d9d8) Importer(815301076,1909f56bfc062723c751e8b465ee728b)
Start importing Assets/background/personal_profile.png using Guid(5654fbdeeb6a30748b08e8f0a737d9d8) Importer(815301076,1909f56bfc062723c751e8b465ee728b)  -> (artifact id: 'e188498d7186f246aef6ddd33ee516d6') in 0.148389 seconds 
========================================================================
Received Import Request.
  Time since last request: 0.804582 seconds.
  path: Assets/background/backpack.png
  artifactKey: Guid(4e3dd88e5ac926544ab4c0999127eefa) Importer(815301076,1909f56bfc062723c751e8b465ee728b)
Start importing Assets/background/backpack.png using Guid(4e3dd88e5ac926544ab4c0999127eefa) Importer(815301076,1909f56bfc062723c751e8b465ee728b)  -> (artifact id: '1b97f8a76aa0561db4ebe3c96e9e799f') in 0.030311 seconds 
========================================================================
Received Import Request.
  Time since last request: 4.010451 seconds.
  path: Assets/background/scan_page.png
  artifactKey: Guid(2ac923f72ce3d6f4e8d47d9c389452c1) Importer(815301076,1909f56bfc062723c751e8b465ee728b)
Start importing Assets/background/scan_page.png using Guid(2ac923f72ce3d6f4e8d47d9c389452c1) Importer(815301076,1909f56bfc062723c751e8b465ee728b)  -> (artifact id: '9b7ff11b7f677a139ea971319830cfb8') in 0.027225 seconds 
========================================================================
Received Import Request.
  Time since last request: 149.221552 seconds.
  path: Assets/Scenes/L1.unity
  artifactKey: Guid(9fc0d4010bbf28b4594072e72b8655ab) Importer(815301076,1909f56bfc062723c751e8b465ee728b)
Start importing Assets/Scenes/L1.unity using Guid(9fc0d4010bbf28b4594072e72b8655ab) Importer(815301076,1909f56bfc062723c751e8b465ee728b)  -> (artifact id: '41a14e8fcb33202fd0dd35e21357dd34') in 0.009589 seconds 
========================================================================
Received Import Request.
  Time since last request: 40.923468 seconds.
  path: Assets/Scenes/L2.unity
  artifactKey: Guid(f6d4757e5fcdb684f94c0d6398b17578) Importer(815301076,1909f56bfc062723c751e8b465ee728b)
Start importing Assets/Scenes/L2.unity using Guid(f6d4757e5fcdb684f94c0d6398b17578) Importer(815301076,1909f56bfc062723c751e8b465ee728b)  -> (artifact id: 'd26f5057c0e6a08e546d2f186362e221') in 0.010265 seconds 
========================================================================
Received Import Request.
  Time since last request: 114.345089 seconds.
  path: Assets/Scenes/personal.unity
  artifactKey: Guid(0b6a9d98d0b0212409a04a8a102e3e44) Importer(815301076,1909f56bfc062723c751e8b465ee728b)
Start importing Assets/Scenes/personal.unity using Guid(0b6a9d98d0b0212409a04a8a102e3e44) Importer(815301076,1909f56bfc062723c751e8b465ee728b)  -> (artifact id: '95239b77a408687d0820dcab59e05c63') in 0.010350 seconds 
========================================================================
Received Import Request.
  Time since last request: 2237.385877 seconds.
  path: Assets/Scenes/L2.unity
  artifactKey: Guid(f6d4757e5fcdb684f94c0d6398b17578) Importer(815301076,1909f56bfc062723c751e8b465ee728b)
Start importing Assets/Scenes/L2.unity using Guid(f6d4757e5fcdb684f94c0d6398b17578) Importer(815301076,1909f56bfc062723c751e8b465ee728b)  -> (artifact id: '9b16284a6421772504dadd413afb0da6') in 0.006739 seconds 
========================================================================
Received Import Request.
  Time since last request: 151.850177 seconds.
  path: Assets/Scenes/New Scene.unity
  artifactKey: Guid(461971c7afa5ef54581c7606386a1c3e) Importer(815301076,1909f56bfc062723c751e8b465ee728b)
Start importing Assets/Scenes/New Scene.unity using Guid(461971c7afa5ef54581c7606386a1c3e) Importer(815301076,1909f56bfc062723c751e8b465ee728b)  -> (artifact id: '7c2e25e3a8774ac3458f3a45a8e0d479') in 0.009891 seconds 
========================================================================
Received Import Request.
  Time since last request: 969.568427 seconds.
  path: Assets/Scenes/personal.unity
  artifactKey: Guid(0b6a9d98d0b0212409a04a8a102e3e44) Importer(815301076,1909f56bfc062723c751e8b465ee728b)
Start importing Assets/Scenes/personal.unity using Guid(0b6a9d98d0b0212409a04a8a102e3e44) Importer(815301076,1909f56bfc062723c751e8b465ee728b)  -> (artifact id: '2eba31abbcb72326cd627ca65c4142e5') in 0.006740 seconds 
========================================================================
Received Import Request.
  Time since last request: 74.052631 seconds.
  path: Assets/Scenes/input_num.unity
  artifactKey: Guid(461971c7afa5ef54581c7606386a1c3e) Importer(815301076,1909f56bfc062723c751e8b465ee728b)
Start importing Assets/Scenes/input_num.unity using Guid(461971c7afa5ef54581c7606386a1c3e) Importer(815301076,1909f56bfc062723c751e8b465ee728b)  -> (artifact id: '90b12d5d9eb3b81955600c7b9789cf78') in 0.010085 seconds 
========================================================================
Received Import Request.
  Time since last request: 6.351714 seconds.
  path: Assets/Scenes/L1.unity
  artifactKey: Guid(9fc0d4010bbf28b4594072e72b8655ab) Importer(815301076,1909f56bfc062723c751e8b465ee728b)
Start importing Assets/Scenes/L1.unity using Guid(9fc0d4010bbf28b4594072e72b8655ab) Importer(815301076,1909f56bfc062723c751e8b465ee728b)  -> (artifact id: '1e3745ca5838b32dc305083c8d070ed3') in 0.005907 seconds 
========================================================================
Received Import Request.
  Time since last request: 64.572064 seconds.
  path: Assets/background/personal_profile.png
  artifactKey: Guid(5654fbdeeb6a30748b08e8f0a737d9d8) Importer(815301076,1909f56bfc062723c751e8b465ee728b)
Start importing Assets/background/personal_profile.png using Guid(5654fbdeeb6a30748b08e8f0a737d9d8) Importer(815301076,1909f56bfc062723c751e8b465ee728b)  -> (artifact id: 'd125d378cce659ad4700028bed062f3f') in 0.107572 seconds 
========================================================================
Received Import Request.
  Time since last request: 14.745805 seconds.
  path: Assets/background/page2.png
  artifactKey: Guid(e934ae6834edc3e4abe8a589c96cfc03) Importer(815301076,1909f56bfc062723c751e8b465ee728b)
Start importing Assets/background/page2.png using Guid(e934ae6834edc3e4abe8a589c96cfc03) Importer(815301076,1909f56bfc062723c751e8b465ee728b)  -> (artifact id: '2935c363f666265edeb31048f2646a89') in 0.039471 seconds 
========================================================================
Received Import Request.
  Time since last request: 29.684137 seconds.
  path: Assets/Scenes/New Scene.unity
  artifactKey: Guid(f13c1dbbd0badec4cb7c2c6b9d71d1b0) Importer(815301076,1909f56bfc062723c751e8b465ee728b)
Start importing Assets/Scenes/New Scene.unity using Guid(f13c1dbbd0badec4cb7c2c6b9d71d1b0) Importer(815301076,1909f56bfc062723c751e8b465ee728b)  -> (artifact id: '461e4ed065209bba53f1d1c977cb2e00') in 0.003873 seconds 
========================================================================
Received Import Request.
  Time since last request: 1.803339 seconds.
  path: Assets/Scenes/New Scene 1.unity
  artifactKey: Guid(8dae437781f8fdd47ad38ece38f39bd9) Importer(815301076,1909f56bfc062723c751e8b465ee728b)
Start importing Assets/Scenes/New Scene 1.unity using Guid(8dae437781f8fdd47ad38ece38f39bd9) Importer(815301076,1909f56bfc062723c751e8b465ee728b)  -> (artifact id: 'b3e35be5d2c1695c52d6fcb9b1b501d1') in 0.012466 seconds 
========================================================================
Received Import Request.
  Time since last request: 13.191035 seconds.
  path: Assets/Scenes/scan.unity
  artifactKey: Guid(53e091306ebef5b4bb9c112f0fbae74d) Importer(815301076,1909f56bfc062723c751e8b465ee728b)
Start importing Assets/Scenes/scan.unity using Guid(53e091306ebef5b4bb9c112f0fbae74d) Importer(815301076,1909f56bfc062723c751e8b465ee728b)  -> (artifact id: '099b00867b6d88c6e0db31871719ba2b') in 0.014084 seconds 
========================================================================
Received Import Request.
  Time since last request: 232.307703 seconds.
  path: Assets/Scenes/backpack.unity
  artifactKey: Guid(8dae437781f8fdd47ad38ece38f39bd9) Importer(815301076,1909f56bfc062723c751e8b465ee728b)
Start importing Assets/Scenes/backpack.unity using Guid(8dae437781f8fdd47ad38ece38f39bd9) Importer(815301076,1909f56bfc062723c751e8b465ee728b)  -> (artifact id: 'e78e567a2ef34da87f6106248f859503') in 0.016635 seconds 
========================================================================
Received Import Request.
  Time since last request: 17.714939 seconds.
  path: Assets/Scenes/introduction.unity
  artifactKey: Guid(f13c1dbbd0badec4cb7c2c6b9d71d1b0) Importer(815301076,1909f56bfc062723c751e8b465ee728b)
Start importing Assets/Scenes/introduction.unity using Guid(f13c1dbbd0badec4cb7c2c6b9d71d1b0) Importer(815301076,1909f56bfc062723c751e8b465ee728b)  -> (artifact id: '769bca4bd1f47899c658ae2782fddf4d') in 0.014908 seconds 
========================================================================
Received Import Request.
  Time since last request: 415.569868 seconds.
  path: Assets/background/backpack.png
  artifactKey: Guid(4e3dd88e5ac926544ab4c0999127eefa) Importer(815301076,1909f56bfc062723c751e8b465ee728b)
Start importing Assets/background/backpack.png using Guid(4e3dd88e5ac926544ab4c0999127eefa) Importer(815301076,1909f56bfc062723c751e8b465ee728b)  -> (artifact id: 'c977f9358420528ae8ee21efd24ca7f7') in 0.051493 seconds 
========================================================================
Received Import Request.
  Time since last request: 2.894730 seconds.
  path: Assets/background/input_num.png
  artifactKey: Guid(8159ce2b9ee94b84e83dab22c4bf90cb) Importer(815301076,1909f56bfc062723c751e8b465ee728b)
Start importing Assets/background/input_num.png using Guid(8159ce2b9ee94b84e83dab22c4bf90cb) Importer(815301076,1909f56bfc062723c751e8b465ee728b)  -> (artifact id: '2779cdd152dac6d7c1217d27d9be8b78') in 0.034465 seconds 
========================================================================
Received Import Request.
  Time since last request: 259.166391 seconds.
  path: Assets/Scenes/backpack.unity
  artifactKey: Guid(8dae437781f8fdd47ad38ece38f39bd9) Importer(815301076,1909f56bfc062723c751e8b465ee728b)
Start importing Assets/Scenes/backpack.unity using Guid(8dae437781f8fdd47ad38ece38f39bd9) Importer(815301076,1909f56bfc062723c751e8b465ee728b)  -> (artifact id: '840ad08880e77c221f4bac6e1a6fc92d') in 0.005810 seconds 
========================================================================
Received Import Request.
  Time since last request: 3.428034 seconds.
  path: Assets/Scenes/input_num.unity
  artifactKey: Guid(461971c7afa5ef54581c7606386a1c3e) Importer(815301076,1909f56bfc062723c751e8b465ee728b)
Start importing Assets/Scenes/input_num.unity using Guid(461971c7afa5ef54581c7606386a1c3e) Importer(815301076,1909f56bfc062723c751e8b465ee728b)  -> (artifact id: '9f86c5272b8803c73d215d94705eb0e5') in 0.003813 seconds 
========================================================================
Received Import Request.
  Time since last request: 211.249443 seconds.
  path: Assets/background/scan_page.png
  artifactKey: Guid(2ac923f72ce3d6f4e8d47d9c389452c1) Importer(815301076,1909f56bfc062723c751e8b465ee728b)
Start importing Assets/background/scan_page.png using Guid(2ac923f72ce3d6f4e8d47d9c389452c1) Importer(815301076,1909f56bfc062723c751e8b465ee728b)  -> (artifact id: '937ca37ca883c25877e6d77906d61dd3') in 0.033904 seconds 
========================================================================
Received Import Request.
  Time since last request: 8.126086 seconds.
  path: Assets/Scenes/introduction.unity
  artifactKey: Guid(f13c1dbbd0badec4cb7c2c6b9d71d1b0) Importer(815301076,1909f56bfc062723c751e8b465ee728b)
Start importing Assets/Scenes/introduction.unity using Guid(f13c1dbbd0badec4cb7c2c6b9d71d1b0) Importer(815301076,1909f56bfc062723c751e8b465ee728b)  -> (artifact id: 'c7a12f5561be56518ae0a2549eb85479') in 0.007610 seconds 
========================================================================
Received Import Request.
  Time since last request: 146.264247 seconds.
  path: Assets/Scenes/scan.unity
  artifactKey: Guid(53e091306ebef5b4bb9c112f0fbae74d) Importer(815301076,1909f56bfc062723c751e8b465ee728b)
Start importing Assets/Scenes/scan.unity using Guid(53e091306ebef5b4bb9c112f0fbae74d) Importer(815301076,1909f56bfc062723c751e8b465ee728b)  -> (artifact id: '2a9a24288e087560c609743c9c6587ae') in 0.006998 seconds 
========================================================================
Received Import Request.
  Time since last request: 1181.878416 seconds.
  path: Assets/component
  artifactKey: Guid(cd43c59a73553544288c5eef9bb5a61c) Importer(815301076,1909f56bfc062723c751e8b465ee728b)
Start importing Assets/component using Guid(cd43c59a73553544288c5eef9bb5a61c) Importer(815301076,1909f56bfc062723c751e8b465ee728b)  -> (artifact id: 'd50153d04300d930f9ae76fd97fcbc5f') in 0.018937 seconds 
========================================================================
Received Import Request.
  Time since last request: 26.991666 seconds.
  path: Packages/com.unity.collab-proxy/Editor/PlasticSCM/Assets/Images/buttonssosigninemail.png
  artifactKey: Guid(d24e7e0b75e1a244bb9687d6fd4315ef) Importer(815301076,1909f56bfc062723c751e8b465ee728b)
Start importing Packages/com.unity.collab-proxy/Editor/PlasticSCM/Assets/Images/buttonssosigninemail.png using Guid(d24e7e0b75e1a244bb9687d6fd4315ef) Importer(815301076,1909f56bfc062723c751e8b465ee728b)  -> (artifact id: 'f22bb3c44693d105445923afcd48de8e') in 0.040504 seconds 
========================================================================
Received Import Request.
  Time since last request: 0.000421 seconds.
  path: Packages/com.unity.collab-proxy/Editor/PlasticSCM/Assets/Images/d_buttonssosigninemail.png
  artifactKey: Guid(3086d66a563317b40a20a20da2c64ac0) Importer(815301076,1909f56bfc062723c751e8b465ee728b)
Start importing Packages/com.unity.collab-proxy/Editor/PlasticSCM/Assets/Images/d_buttonssosigninemail.png using Guid(3086d66a563317b40a20a20da2c64ac0) Importer(815301076,1909f56bfc062723c751e8b465ee728b)  -> (artifact id: '5074d9b1a85691d8bc9821cefe83df37') in 0.035893 seconds 
========================================================================
Received Import Request.
  Time since last request: 0.001429 seconds.
  path: Packages/com.unity.collab-proxy/Editor/PlasticSCM/Assets/Images/d_buttonssosigninemail@2x.png
  artifactKey: Guid(144aa74618b85974a9a50f612c2fa8fd) Importer(815301076,1909f56bfc062723c751e8b465ee728b)
Start importing Packages/com.unity.collab-proxy/Editor/PlasticSCM/Assets/Images/d_buttonssosigninemail@2x.png using Guid(144aa74618b85974a9a50f612c2fa8fd) Importer(815301076,1909f56bfc062723c751e8b465ee728b)  -> (artifact id: '59ab918918d498d3c78cc4f6c2dfbc89') in 0.048639 seconds 
========================================================================
Received Import Request.
  Time since last request: 0.000432 seconds.
  path: Packages/com.unity.collab-proxy/Editor/PlasticSCM/Assets/Images/buttonssosigninunity.png
  artifactKey: Guid(f9161c6c9e06dc445ada3ee16d991f90) Importer(815301076,1909f56bfc062723c751e8b465ee728b)
Start importing Packages/com.unity.collab-proxy/Editor/PlasticSCM/Assets/Images/buttonssosigninunity.png using Guid(f9161c6c9e06dc445ada3ee16d991f90) Importer(815301076,1909f56bfc062723c751e8b465ee728b)  -> (artifact id: '6e05a11281db57aaf9dd1eac9f2f1487') in 0.032018 seconds 
========================================================================
Received Import Request.
  Time since last request: 0.000459 seconds.
  path: Packages/com.unity.collab-proxy/Editor/PlasticSCM/Assets/Images/d_cloudbuho.png
  artifactKey: Guid(e5600378dd761e64d9423790c482bf36) Importer(815301076,1909f56bfc062723c751e8b465ee728b)
Start importing Packages/com.unity.collab-proxy/Editor/PlasticSCM/Assets/Images/d_cloudbuho.png using Guid(e5600378dd761e64d9423790c482bf36) Importer(815301076,1909f56bfc062723c751e8b465ee728b)  -> (artifact id: 'bc7f39c40e3a4b791ef2dc846b96f1e9') in 0.044077 seconds 
========================================================================
Received Import Request.
  Time since last request: 0.000372 seconds.
  path: Packages/com.unity.collab-proxy/Editor/PlasticSCM/Assets/Images/buttonssosigninemail@2x.png
  artifactKey: Guid(ddf2e76e8a1f88f46ae1e42277850b48) Importer(815301076,1909f56bfc062723c751e8b465ee728b)
Start importing Packages/com.unity.collab-proxy/Editor/PlasticSCM/Assets/Images/buttonssosigninemail@2x.png using Guid(ddf2e76e8a1f88f46ae1e42277850b48) Importer(815301076,1909f56bfc062723c751e8b465ee728b)  -> (artifact id: '71bb216ad69d507e0e521b67aa790d68') in 0.031686 seconds 
========================================================================
Received Import Request.
  Time since last request: 0.000475 seconds.
  path: Packages/com.unity.collab-proxy/Editor/PlasticSCM/Assets/Images/buttonssosigningoogle.png
  artifactKey: Guid(f09eae8c0ea04254b90c5386a034a225) Importer(815301076,1909f56bfc062723c751e8b465ee728b)
Start importing Packages/com.unity.collab-proxy/Editor/PlasticSCM/Assets/Images/buttonssosigningoogle.png using Guid(f09eae8c0ea04254b90c5386a034a225) Importer(815301076,1909f56bfc062723c751e8b465ee728b)  -> (artifact id: '751da9d92594624c2fa30cc1028f0457') in 0.026166 seconds 
========================================================================
Received Import Request.
  Time since last request: 0.706088 seconds.
  path: Packages/com.unity.collab-proxy/Editor/PlasticSCM/Assets/Images/d_cloudbuhochristmas.png
  artifactKey: Guid(70632ddfe8e71b04b8f90ef7e29a9e98) Importer(815301076,1909f56bfc062723c751e8b465ee728b)
Start importing Packages/com.unity.collab-proxy/Editor/PlasticSCM/Assets/Images/d_cloudbuhochristmas.png using Guid(70632ddfe8e71b04b8f90ef7e29a9e98) Importer(815301076,1909f56bfc062723c751e8b465ee728b)  -> (artifact id: '1fcc2016a2151f200d75a071730cc04f') in 0.060771 seconds 
========================================================================
Received Import Request.
  Time since last request: 0.000766 seconds.
  path: Packages/com.unity.collab-proxy/Editor/PlasticSCM/Assets/Images/d_cloudbuhoshe.png
  artifactKey: Guid(dae33700bd23f76409a80bf78fdb8a42) Importer(815301076,1909f56bfc062723c751e8b465ee728b)
Start importing Packages/com.unity.collab-proxy/Editor/PlasticSCM/Assets/Images/d_cloudbuhoshe.png using Guid(dae33700bd23f76409a80bf78fdb8a42) Importer(815301076,1909f56bfc062723c751e8b465ee728b)  -> (artifact id: 'd30bb0be9c1aefb134a478ede6a37c7d') in 0.086296 seconds 
========================================================================
Received Import Request.
  Time since last request: 0.457147 seconds.
  path: Packages/com.unity.collab-proxy/Editor/PlasticSCM/Assets/Images/d_cloudbuhoshechristmas.png
  artifactKey: Guid(9c0d6ec706e01ce448aea81584af092b) Importer(815301076,1909f56bfc062723c751e8b465ee728b)
Start importing Packages/com.unity.collab-proxy/Editor/PlasticSCM/Assets/Images/d_cloudbuhoshechristmas.png using Guid(9c0d6ec706e01ce448aea81584af092b) Importer(815301076,1909f56bfc062723c751e8b465ee728b)  -> (artifact id: 'a6b3654d5b34e343af94bffe4d62d9de') in 0.052653 seconds 
========================================================================
Received Import Request.
  Time since last request: 0.000758 seconds.
  path: Packages/com.unity.collab-proxy/Editor/PlasticSCM/Assets/Images/d_colorbuhoshe.png
  artifactKey: Guid(a04ecc9d5e12d5d449077414eb86635e) Importer(815301076,1909f56bfc062723c751e8b465ee728b)
Start importing Packages/com.unity.collab-proxy/Editor/PlasticSCM/Assets/Images/d_colorbuhoshe.png using Guid(a04ecc9d5e12d5d449077414eb86635e) Importer(815301076,1909f56bfc062723c751e8b465ee728b)  -> (artifact id: 'fff82607d9a4e1e6c9111128bc568ae5') in 0.046983 seconds 
========================================================================
Received Import Request.
  Time since last request: 0.000581 seconds.
  path: Packages/com.unity.collab-proxy/Editor/PlasticSCM/Assets/Images/d_colorbuhoshechristmas.png
  artifactKey: Guid(ec03f79379868c642b48ae5ddc821b6d) Importer(815301076,1909f56bfc062723c751e8b465ee728b)
Start importing Packages/com.unity.collab-proxy/Editor/PlasticSCM/Assets/Images/d_colorbuhoshechristmas.png using Guid(ec03f79379868c642b48ae5ddc821b6d) Importer(815301076,1909f56bfc062723c751e8b465ee728b)  -> (artifact id: '1010dfce96245549779e3960a468b187') in 0.048267 seconds 
========================================================================
Received Import Request.
  Time since last request: 0.000421 seconds.
  path: Packages/com.unity.collab-proxy/Editor/PlasticSCM/Assets/Images/d_colorbuhochristmas.png
  artifactKey: Guid(fd098fb4cf57bad419701c802e442b7e) Importer(815301076,1909f56bfc062723c751e8b465ee728b)
Start importing Packages/com.unity.collab-proxy/Editor/PlasticSCM/Assets/Images/d_colorbuhochristmas.png using Guid(fd098fb4cf57bad419701c802e442b7e) Importer(815301076,1909f56bfc062723c751e8b465ee728b)  -> (artifact id: '476334381c6101d2b193b5bf0056ab6c') in 0.035129 seconds 
========================================================================
Received Import Request.
  Time since last request: 0.000316 seconds.
  path: Packages/com.unity.collab-proxy/Editor/PlasticSCM/Assets/Images/d_colorbuho.png
  artifactKey: Guid(3a0c527d7f890d64a9b56b086e6e766a) Importer(815301076,1909f56bfc062723c751e8b465ee728b)
Start importing Packages/com.unity.collab-proxy/Editor/PlasticSCM/Assets/Images/d_colorbuho.png using Guid(3a0c527d7f890d64a9b56b086e6e766a) Importer(815301076,1909f56bfc062723c751e8b465ee728b)  -> (artifact id: '48587f9b3921cb6c7d6dbbb965b96035') in 0.043863 seconds 
========================================================================
Received Import Request.
  Time since last request: 0.001283 seconds.
  path: Packages/com.unity.collab-proxy/Editor/PlasticSCM/Assets/Images/d_expertbuho.png
  artifactKey: Guid(13e7e6fe43a8aa049bcd610bbc1f5ff8) Importer(815301076,1909f56bfc062723c751e8b465ee728b)
Start importing Packages/com.unity.collab-proxy/Editor/PlasticSCM/Assets/Images/d_expertbuho.png using Guid(13e7e6fe43a8aa049bcd610bbc1f5ff8) Importer(815301076,1909f56bfc062723c751e8b465ee728b)  -> (artifact id: 'f22b745a3c25a7d948c5dc110524969e') in 0.048624 seconds 
========================================================================
Received Import Request.
  Time since last request: 0.076837 seconds.
  path: Packages/com.unity.collab-proxy/Editor/PlasticSCM/Assets/Images/d_expertbuhochristmas.png
  artifactKey: Guid(c887ed2a931c29040bc544cd8c546e9f) Importer(815301076,1909f56bfc062723c751e8b465ee728b)
Start importing Packages/com.unity.collab-proxy/Editor/PlasticSCM/Assets/Images/d_expertbuhochristmas.png using Guid(c887ed2a931c29040bc544cd8c546e9f) Importer(815301076,1909f56bfc062723c751e8b465ee728b)  -> (artifact id: '4acb22d2680a390c1edf150e6abceebf') in 0.033380 seconds 
========================================================================
Received Import Request.
  Time since last request: 0.000407 seconds.
  path: Packages/com.unity.collab-proxy/Editor/PlasticSCM/Assets/Images/d_expertbuhoshe.png
  artifactKey: Guid(8325d4ef0a6eb3d43952aff8a06d9f45) Importer(815301076,1909f56bfc062723c751e8b465ee728b)
Start importing Packages/com.unity.collab-proxy/Editor/PlasticSCM/Assets/Images/d_expertbuhoshe.png using Guid(8325d4ef0a6eb3d43952aff8a06d9f45) Importer(815301076,1909f56bfc062723c751e8b465ee728b)  -> (artifact id: '79593aa6b6ff33b70445e67f39f875d8') in 0.032098 seconds 
========================================================================
Received Import Request.
  Time since last request: 0.000459 seconds.
  path: Packages/com.unity.collab-proxy/Editor/PlasticSCM/Assets/Images/d_expertbuhoshechristmas.png
  artifactKey: Guid(372e7b39fc8f34549ac25d8757965a2c) Importer(815301076,1909f56bfc062723c751e8b465ee728b)
Start importing Packages/com.unity.collab-proxy/Editor/PlasticSCM/Assets/Images/d_expertbuhoshechristmas.png using Guid(372e7b39fc8f34549ac25d8757965a2c) Importer(815301076,1909f56bfc062723c751e8b465ee728b)  -> (artifact id: '84a8ce9e499feea94b6519c3004ff669') in 0.066847 seconds 
========================================================================
Received Import Request.
  Time since last request: 0.000545 seconds.
  path: Packages/com.unity.collab-proxy/Editor/PlasticSCM/Assets/Images/d_genericbuho3.png
  artifactKey: Guid(9e9474494461bd048803b48e391ef0f6) Importer(815301076,1909f56bfc062723c751e8b465ee728b)
Start importing Packages/com.unity.collab-proxy/Editor/PlasticSCM/Assets/Images/d_genericbuho3.png using Guid(9e9474494461bd048803b48e391ef0f6) Importer(815301076,1909f56bfc062723c751e8b465ee728b)  -> (artifact id: '56add6a6dd06de793029d5205f5de450') in 0.041414 seconds 
========================================================================
Received Import Request.
  Time since last request: 0.000435 seconds.
  path: Packages/com.unity.collab-proxy/Editor/PlasticSCM/Assets/Images/d_genericbuho2.png
  artifactKey: Guid(0f061b4bd0275bc4eb60f2af31e7375a) Importer(815301076,1909f56bfc062723c751e8b465ee728b)
Start importing Packages/com.unity.collab-proxy/Editor/PlasticSCM/Assets/Images/d_genericbuho2.png using Guid(0f061b4bd0275bc4eb60f2af31e7375a) Importer(815301076,1909f56bfc062723c751e8b465ee728b)  -> (artifact id: '2410e2681c8b2af57525cea3c978c368') in 0.042197 seconds 
========================================================================
Received Import Request.
  Time since last request: 0.000398 seconds.
  path: Packages/com.unity.collab-proxy/Editor/PlasticSCM/Assets/Images/d_genericbuho1.png
  artifactKey: Guid(43ad51e043491b94d8f6c62d55ac5ede) Importer(815301076,1909f56bfc062723c751e8b465ee728b)
Start importing Packages/com.unity.collab-proxy/Editor/PlasticSCM/Assets/Images/d_genericbuho1.png using Guid(43ad51e043491b94d8f6c62d55ac5ede) Importer(815301076,1909f56bfc062723c751e8b465ee728b)  -> (artifact id: 'd8ce478ba6bc37c5d16df711428af593') in 0.040399 seconds 
========================================================================
Received Import Request.
  Time since last request: 0.082155 seconds.
  path: Packages/com.unity.collab-proxy/Editor/PlasticSCM/Assets/Images/d_genericbuhochristmas1.png
  artifactKey: Guid(e36d1a38d7aa309409e80bf66a089330) Importer(815301076,1909f56bfc062723c751e8b465ee728b)
Start importing Packages/com.unity.collab-proxy/Editor/PlasticSCM/Assets/Images/d_genericbuhochristmas1.png using Guid(e36d1a38d7aa309409e80bf66a089330) Importer(815301076,1909f56bfc062723c751e8b465ee728b)  -> (artifact id: 'ae29146b33164101fc0e163afda9d7c5') in 0.043717 seconds 
========================================================================
Received Import Request.
  Time since last request: 0.000408 seconds.
  path: Packages/com.unity.collab-proxy/Editor/PlasticSCM/Assets/Images/d_genericbuhoshe3.png
  artifactKey: Guid(9bb60d9b0987c3747b57516cc172d0c7) Importer(815301076,1909f56bfc062723c751e8b465ee728b)
Start importing Packages/com.unity.collab-proxy/Editor/PlasticSCM/Assets/Images/d_genericbuhoshe3.png using Guid(9bb60d9b0987c3747b57516cc172d0c7) Importer(815301076,1909f56bfc062723c751e8b465ee728b)  -> (artifact id: 'd0e143c11eb57809f48650d6b0ad702a') in 0.032926 seconds 
========================================================================
Received Import Request.
  Time since last request: 0.000369 seconds.
  path: Packages/com.unity.collab-proxy/Editor/PlasticSCM/Assets/Images/d_genericbuhochristmas2.png
  artifactKey: Guid(5955491dc8dcecb4a993d9a008cf65a7) Importer(815301076,1909f56bfc062723c751e8b465ee728b)
Start importing Packages/com.unity.collab-proxy/Editor/PlasticSCM/Assets/Images/d_genericbuhochristmas2.png using Guid(5955491dc8dcecb4a993d9a008cf65a7) Importer(815301076,1909f56bfc062723c751e8b465ee728b)  -> (artifact id: 'd99b4a05913265bbf74ac28c33ee28c2') in 0.034061 seconds 
========================================================================
Received Import Request.
  Time since last request: 0.000397 seconds.
  path: Packages/com.unity.collab-proxy/Editor/PlasticSCM/Assets/Images/d_genericbuhoshe1.png
  artifactKey: Guid(f2901efd8bb16bc408ad37f017fbf9bc) Importer(815301076,1909f56bfc062723c751e8b465ee728b)
Start importing Packages/com.unity.collab-proxy/Editor/PlasticSCM/Assets/Images/d_genericbuhoshe1.png using Guid(f2901efd8bb16bc408ad37f017fbf9bc) Importer(815301076,1909f56bfc062723c751e8b465ee728b)  -> (artifact id: '2a8c22a9e7909a4c050e14d7d1ed1b23') in 0.034654 seconds 
========================================================================
Received Import Request.
  Time since last request: 0.000357 seconds.
  path: Packages/com.unity.collab-proxy/Editor/PlasticSCM/Assets/Images/d_genericbuhoshechristmas2.png
  artifactKey: Guid(7fd3cda14282bb7429b8eeb6c121e5bb) Importer(815301076,1909f56bfc062723c751e8b465ee728b)
Start importing Packages/com.unity.collab-proxy/Editor/PlasticSCM/Assets/Images/d_genericbuhoshechristmas2.png using Guid(7fd3cda14282bb7429b8eeb6c121e5bb) Importer(815301076,1909f56bfc062723c751e8b465ee728b)  -> (artifact id: '45e4dfad96da96b587f7f2455c8f92b0') in 0.033464 seconds 
========================================================================
Received Import Request.
  Time since last request: 0.000554 seconds.
  path: Packages/com.unity.collab-proxy/Editor/PlasticSCM/Assets/Images/d_genericbuhoshe2.png
  artifactKey: Guid(17035c204825f6340a252046ab6476fd) Importer(815301076,1909f56bfc062723c751e8b465ee728b)
Start importing Packages/com.unity.collab-proxy/Editor/PlasticSCM/Assets/Images/d_genericbuhoshe2.png using Guid(17035c204825f6340a252046ab6476fd) Importer(815301076,1909f56bfc062723c751e8b465ee728b)  -> (artifact id: '2ef9ef6165b3da6c7d743c87aa528366') in 0.034596 seconds 
========================================================================
Received Import Request.
  Time since last request: 0.000346 seconds.
  path: Packages/com.unity.collab-proxy/Editor/PlasticSCM/Assets/Images/d_genericbuhochristmas3.png
  artifactKey: Guid(6fac4e39926fd9c4ca2ba4416160a857) Importer(815301076,1909f56bfc062723c751e8b465ee728b)
Start importing Packages/com.unity.collab-proxy/Editor/PlasticSCM/Assets/Images/d_genericbuhochristmas3.png using Guid(6fac4e39926fd9c4ca2ba4416160a857) Importer(815301076,1909f56bfc062723c751e8b465ee728b)  -> (artifact id: '412b6dc3b729c0d6c9d2d77298e03449') in 0.045719 seconds 
========================================================================
Received Import Request.
  Time since last request: 0.001144 seconds.
  path: Packages/com.unity.collab-proxy/Editor/PlasticSCM/Assets/Images/d_genericbuhoshechristmas1.png
  artifactKey: Guid(d98fbe17966d8ef449b25b99024bf36f) Importer(815301076,1909f56bfc062723c751e8b465ee728b)
Start importing Packages/com.unity.collab-proxy/Editor/PlasticSCM/Assets/Images/d_genericbuhoshechristmas1.png using Guid(d98fbe17966d8ef449b25b99024bf36f) Importer(815301076,1909f56bfc062723c751e8b465ee728b)  -> (artifact id: '92520c69ec4554c786c5fdfbf6025d08') in 0.039839 seconds 
========================================================================
Received Import Request.
  Time since last request: 0.011093 seconds.
  path: Packages/com.unity.collab-proxy/Editor/PlasticSCM/Assets/Images/d_genericbuhoshechristmas3.png
  artifactKey: Guid(f8c9467a892580344bb697526dac0d13) Importer(815301076,1909f56bfc062723c751e8b465ee728b)
Start importing Packages/com.unity.collab-proxy/Editor/PlasticSCM/Assets/Images/d_genericbuhoshechristmas3.png using Guid(f8c9467a892580344bb697526dac0d13) Importer(815301076,1909f56bfc062723c751e8b465ee728b)  -> (artifact id: '755d24f2927443e1429db6614e8fc00d') in 0.032511 seconds 
========================================================================
Received Import Request.
  Time since last request: 0.000451 seconds.
  path: Packages/com.unity.collab-proxy/Editor/PlasticSCM/Assets/Images/d_iconaddedlocal.png
  artifactKey: Guid(0c6a2a64ca9f9c946a7dbbd1674cf5bd) Importer(815301076,1909f56bfc062723c751e8b465ee728b)
Start importing Packages/com.unity.collab-proxy/Editor/PlasticSCM/Assets/Images/d_iconaddedlocal.png using Guid(0c6a2a64ca9f9c946a7dbbd1674cf5bd) Importer(815301076,1909f56bfc062723c751e8b465ee728b)  -> (artifact id: '245f50323b96e5b8efaad3757291d2cb') in 0.030694 seconds 
========================================================================
Received Import Request.
  Time since last request: 0.000439 seconds.
  path: Packages/com.unity.collab-proxy/Editor/PlasticSCM/Assets/Images/d_iconaddedoverlay@2x.png
  artifactKey: Guid(a6fbd5a181bc51e42a61a73fe8d727c8) Importer(815301076,1909f56bfc062723c751e8b465ee728b)
Start importing Packages/com.unity.collab-proxy/Editor/PlasticSCM/Assets/Images/d_iconaddedoverlay@2x.png using Guid(a6fbd5a181bc51e42a61a73fe8d727c8) Importer(815301076,1909f56bfc062723c751e8b465ee728b)  -> (artifact id: '2f87faf482336e1f6bd9d4f133c08e64') in 0.030968 seconds 
========================================================================
Received Import Request.
  Time since last request: 0.000704 seconds.
  path: Packages/com.unity.collab-proxy/Editor/PlasticSCM/Assets/Images/d_iconclosebutton.png
  artifactKey: Guid(9cadde7a0d5f9024ab3f2cd5f6a740d6) Importer(815301076,1909f56bfc062723c751e8b465ee728b)
Start importing Packages/com.unity.collab-proxy/Editor/PlasticSCM/Assets/Images/d_iconclosebutton.png using Guid(9cadde7a0d5f9024ab3f2cd5f6a740d6) Importer(815301076,1909f56bfc062723c751e8b465ee728b)  -> (artifact id: '2900fd45925572ca0d41b574200c5b1a') in 0.030685 seconds 
========================================================================
Received Import Request.
  Time since last request: 0.000442 seconds.
  path: Packages/com.unity.collab-proxy/Editor/PlasticSCM/Assets/Images/d_iconbranch.png
  artifactKey: Guid(612c5e166a121e3449dad067fbdc37a4) Importer(815301076,1909f56bfc062723c751e8b465ee728b)
Start importing Packages/com.unity.collab-proxy/Editor/PlasticSCM/Assets/Images/d_iconbranch.png using Guid(612c5e166a121e3449dad067fbdc37a4) Importer(815301076,1909f56bfc062723c751e8b465ee728b)  -> (artifact id: 'b84c599215e25914a395473d6f3370ef') in 0.051444 seconds 
========================================================================
Received Import Request.
  Time since last request: 0.000635 seconds.
  path: Packages/com.unity.collab-proxy/Editor/PlasticSCM/Assets/Images/d_iconcheckedoutlocaloverlay.png
  artifactKey: Guid(bb1928aff4fd4cf44af1f629dc14ef9b) Importer(815301076,1909f56bfc062723c751e8b465ee728b)
Start importing Packages/com.unity.collab-proxy/Editor/PlasticSCM/Assets/Images/d_iconcheckedoutlocaloverlay.png using Guid(bb1928aff4fd4cf44af1f629dc14ef9b) Importer(815301076,1909f56bfc062723c751e8b465ee728b)  -> (artifact id: '769c2cd55abecdf7ee206a49be6abdad') in 0.033535 seconds 
========================================================================
Received Import Request.
  Time since last request: 0.000416 seconds.
  path: Packages/com.unity.collab-proxy/Editor/PlasticSCM/Assets/Images/d_iconcheckedoutlocaloverlay@2x.png
  artifactKey: Guid(8d98ab6168c3e91439339f1908b8fe97) Importer(815301076,1909f56bfc062723c751e8b465ee728b)
Start importing Packages/com.unity.collab-proxy/Editor/PlasticSCM/Assets/Images/d_iconcheckedoutlocaloverlay@2x.png using Guid(8d98ab6168c3e91439339f1908b8fe97) Importer(815301076,1909f56bfc062723c751e8b465ee728b)  -> (artifact id: 'c0ac048bb9f716ba4816a793b1b00c0f') in 0.030519 seconds 
========================================================================
Received Import Request.
  Time since last request: 0.000423 seconds.
  path: Packages/com.unity.collab-proxy/Editor/PlasticSCM/Assets/Images/d_iconbranch@2x.png
  artifactKey: Guid(874d8401331ede14087e8d8d486ddda6) Importer(815301076,1909f56bfc062723c751e8b465ee728b)
Start importing Packages/com.unity.collab-proxy/Editor/PlasticSCM/Assets/Images/d_iconbranch@2x.png using Guid(874d8401331ede14087e8d8d486ddda6) Importer(815301076,1909f56bfc062723c751e8b465ee728b)  -> (artifact id: '15ab07a8070b395aacd815b80cdab7f7') in 0.030142 seconds 
========================================================================
Received Import Request.
  Time since last request: 0.000547 seconds.
  path: Packages/com.unity.collab-proxy/Editor/PlasticSCM/Assets/Images/d_iconaddedoverlay.png
  artifactKey: Guid(73d124bf77e463c45942d14136745d9f) Importer(815301076,1909f56bfc062723c751e8b465ee728b)
Start importing Packages/com.unity.collab-proxy/Editor/PlasticSCM/Assets/Images/d_iconaddedoverlay.png using Guid(73d124bf77e463c45942d14136745d9f) Importer(815301076,1909f56bfc062723c751e8b465ee728b)  -> (artifact id: '8ccac6e36983e85aa0fc28734a49ce89') in 0.031127 seconds 
========================================================================
Received Import Request.
  Time since last request: 0.000923 seconds.
  path: Packages/com.unity.collab-proxy/Editor/PlasticSCM/Assets/Images/d_iconaddedlocal@2x.png
  artifactKey: Guid(02800fb9cff14da47a04572790384d8b) Importer(815301076,1909f56bfc062723c751e8b465ee728b)
Start importing Packages/com.unity.collab-proxy/Editor/PlasticSCM/Assets/Images/d_iconaddedlocal@2x.png using Guid(02800fb9cff14da47a04572790384d8b) Importer(815301076,1909f56bfc062723c751e8b465ee728b)  -> (artifact id: '7f482a93909f4809025063ee0853891e') in 0.029657 seconds 
========================================================================
Received Import Request.
  Time since last request: 4.717618 seconds.
  path: Assets/component/Group 1.png
  artifactKey: Guid(e7f8f1b14b4ef77499af73257cb47551) Importer(815301076,1909f56bfc062723c751e8b465ee728b)
Start importing Assets/component/Group 1.png using Guid(e7f8f1b14b4ef77499af73257cb47551) Importer(815301076,1909f56bfc062723c751e8b465ee728b)  -> (artifact id: '851d193637866e7ae1d4a9c20bfc0996') in 0.018684 seconds 
========================================================================
Received Import Request.
  Time since last request: 31.899853 seconds.
  path: Assets/code
  artifactKey: Guid(b358fe5a06da294408bcecd10dc276b2) Importer(815301076,1909f56bfc062723c751e8b465ee728b)
Start importing Assets/code using Guid(b358fe5a06da294408bcecd10dc276b2) Importer(815301076,1909f56bfc062723c751e8b465ee728b)  -> (artifact id: '0d2cd1e5c901ce1bda3642abeb19ab1e') in 0.010976 seconds 
========================================================================
Received Import Request.
  Time since last request: 22.957123 seconds.
  path: Assets/code/Change_scene.cs
  artifactKey: Guid(cb0d7660c19416544b34748127ccfda8) Importer(815301076,1909f56bfc062723c751e8b465ee728b)
Start importing Assets/code/Change_scene.cs using Guid(cb0d7660c19416544b34748127ccfda8) Importer(815301076,1909f56bfc062723c751e8b465ee728b)  -> (artifact id: '3d3b088bb1297ae3e8a916aa87be8f54') in 0.033948 seconds 
========================================================================
Received Import Request.
  Time since last request: 225.074795 seconds.
  path: Assets/code/Change_scene.cs
  artifactKey: Guid(cb0d7660c19416544b34748127ccfda8) Importer(815301076,1909f56bfc062723c751e8b465ee728b)
Start importing Assets/code/Change_scene.cs using Guid(cb0d7660c19416544b34748127ccfda8) Importer(815301076,1909f56bfc062723c751e8b465ee728b)  -> (artifact id: '409c647cef20041b1c2ac7005f850133') in 0.004381 seconds 
========================================================================
Received Prepare
Registering precompiled user dll's ...
Registered in 0.008400 seconds.
Begin MonoManager ReloadAssembly
Native extension for WindowsStandalone target not found
Refreshing native plugins compatible for Editor in 0.43 ms, found 2 plugins.
Preloading 0 native plugins for Editor in 0.00 ms.
Mono: successfully reloaded assembly
- Completed reload, in  1.374 seconds
Domain Reload Profiling:
	ReloadAssembly (1376ms)
		BeginReloadAssembly (304ms)
			ExecutionOrderSort (0ms)
			DisableScriptedObjects (19ms)
			BackupInstance (0ms)
			ReleaseScriptingObjects (0ms)
			CreateAndSetChildDomain (141ms)
		EndReloadAssembly (992ms)
			LoadAssemblies (144ms)
			RebuildTransferFunctionScriptingTraits (0ms)
			SetupTypeCache (364ms)
			ReleaseScriptCaches (1ms)
			RebuildScriptCaches (47ms)
			SetupLoadedEditorAssemblies (363ms)
				LogAssemblyErrors (0ms)
				InitializePlatformSupportModulesInManaged (6ms)
				SetLoadedEditorAssemblies (1ms)
				RefreshPlugins (1ms)
				BeforeProcessingInitializeOnLoad (95ms)
				ProcessInitializeOnLoadAttributes (233ms)
				ProcessInitializeOnLoadMethodAttributes (17ms)
				AfterProcessingInitializeOnLoad (9ms)
				EditorAssembliesLoaded (0ms)
			ExecutionOrderSort2 (0ms)
			AwakeInstancesAfterBackupRestoration (2ms)
Platform modules already initialized, skipping
Refreshing native plugins compatible for Editor in 0.40 ms, found 2 plugins.
Preloading 0 native plugins for Editor in 0.00 ms.
Unloading 1485 Unused Serialized files (Serialized files now loaded: 0)
System memory in use before: 71.0 MB.
System memory in use after: 71.1 MB.

Unloading 12 unused Assets to reduce memory usage. Loaded Objects now: 1948.
Total: 3.412400 ms (FindLiveObjects: 0.159100 ms CreateObjectMapping: 0.059400 ms MarkObjects: 3.126200 ms  DeleteObjects: 0.066800 ms)

AssetImportParameters requested are different than current active one (requested -> active):
  custom:framework-win-MediaFoundation: 216162199b28c13a410421893ffa2e32 -> 
  custom:video-decoder-ogg-theora: a1e56fd34408186e4bbccfd4996cb3dc -> 
  custom:container-muxer-webm: aa71ff27fc2769a1b78a27578f13a17b -> 
  custom:container-demuxer-webm: 4f35f7cbe854078d1ac9338744f61a02 -> 
  custom:container-demuxer-ogg: 62fdf1f143b41e24485cea50d1cbac27 -> 
  custom:video-encoder-webm-vp8: eb34c28f22e8b96e1ab97ce403110664 -> 
  custom:video-codec-MediaFoundation-h265: 746d11721c4dcdbdad8f713fa42b33f4 -> 
  custom:video-decoder-webm-vp8: 9c59270c3fd7afecdb556c50c9e8de78 -> 
  custom:audio-decoder-ogg-vorbis: bf7c407c2cedff20999df2af8eb42d56 -> 
  custom:audio-encoder-webm-vorbis: bf7c407c2cedff20999df2af8eb42d56 -> 
========================================================================
Received Prepare
Registering precompiled user dll's ...
Registered in 0.003857 seconds.
Begin MonoManager ReloadAssembly
Native extension for WindowsStandalone target not found
Refreshing native plugins compatible for Editor in 0.45 ms, found 2 plugins.
Preloading 0 native plugins for Editor in 0.00 ms.
Mono: successfully reloaded assembly
- Completed reload, in  1.408 seconds
Domain Reload Profiling:
	ReloadAssembly (1409ms)
		BeginReloadAssembly (158ms)
			ExecutionOrderSort (0ms)
			DisableScriptedObjects (7ms)
			BackupInstance (0ms)
			ReleaseScriptingObjects (0ms)
			CreateAndSetChildDomain (43ms)
		EndReloadAssembly (1158ms)
			LoadAssemblies (132ms)
			RebuildTransferFunctionScriptingTraits (0ms)
			SetupTypeCache (456ms)
			ReleaseScriptCaches (1ms)
			RebuildScriptCaches (53ms)
			SetupLoadedEditorAssemblies (416ms)
				LogAssemblyErrors (0ms)
				InitializePlatformSupportModulesInManaged (8ms)
				SetLoadedEditorAssemblies (1ms)
				RefreshPlugins (1ms)
				BeforeProcessingInitializeOnLoad (99ms)
				ProcessInitializeOnLoadAttributes (277ms)
				ProcessInitializeOnLoadMethodAttributes (18ms)
				AfterProcessingInitializeOnLoad (12ms)
				EditorAssembliesLoaded (0ms)
			ExecutionOrderSort2 (0ms)
			AwakeInstancesAfterBackupRestoration (3ms)
Platform modules already initialized, skipping
Refreshing native plugins compatible for Editor in 0.38 ms, found 2 plugins.
Preloading 0 native plugins for Editor in 0.00 ms.
Unloading 1485 Unused Serialized files (Serialized files now loaded: 0)
System memory in use before: 71.1 MB.
System memory in use after: 71.2 MB.

Unloading 12 unused Assets to reduce memory usage. Loaded Objects now: 1951.
Total: 3.634500 ms (FindLiveObjects: 0.160200 ms CreateObjectMapping: 0.058300 ms MarkObjects: 3.342700 ms  DeleteObjects: 0.072300 ms)

AssetImportParameters requested are different than current active one (requested -> active):
  custom:framework-win-MediaFoundation: 216162199b28c13a410421893ffa2e32 -> 
  custom:video-decoder-ogg-theora: a1e56fd34408186e4bbccfd4996cb3dc -> 
  custom:container-muxer-webm: aa71ff27fc2769a1b78a27578f13a17b -> 
  custom:container-demuxer-webm: 4f35f7cbe854078d1ac9338744f61a02 -> 
  custom:container-demuxer-ogg: 62fdf1f143b41e24485cea50d1cbac27 -> 
  custom:video-encoder-webm-vp8: eb34c28f22e8b96e1ab97ce403110664 -> 
  custom:video-codec-MediaFoundation-h265: 746d11721c4dcdbdad8f713fa42b33f4 -> 
  custom:video-decoder-webm-vp8: 9c59270c3fd7afecdb556c50c9e8de78 -> 
  custom:audio-decoder-ogg-vorbis: bf7c407c2cedff20999df2af8eb42d56 -> 
  custom:audio-encoder-webm-vorbis: bf7c407c2cedff20999df2af8eb42d56 -> 
========================================================================
Received Prepare
Registering precompiled user dll's ...
Registered in 0.004434 seconds.
Begin MonoManager ReloadAssembly
Native extension for WindowsStandalone target not found
Refreshing native plugins compatible for Editor in 0.47 ms, found 2 plugins.
Preloading 0 native plugins for Editor in 0.00 ms.
Mono: successfully reloaded assembly
- Completed reload, in  1.340 seconds
Domain Reload Profiling:
	ReloadAssembly (1341ms)
		BeginReloadAssembly (164ms)
			ExecutionOrderSort (0ms)
			DisableScriptedObjects (9ms)
			BackupInstance (0ms)
			ReleaseScriptingObjects (0ms)
			CreateAndSetChildDomain (42ms)
		EndReloadAssembly (1096ms)
			LoadAssemblies (147ms)
			RebuildTransferFunctionScriptingTraits (0ms)
			SetupTypeCache (365ms)
			ReleaseScriptCaches (1ms)
			RebuildScriptCaches (57ms)
			SetupLoadedEditorAssemblies (423ms)
				LogAssemblyErrors (0ms)
				InitializePlatformSupportModulesInManaged (7ms)
				SetLoadedEditorAssemblies (1ms)
				RefreshPlugins (1ms)
				BeforeProcessingInitializeOnLoad (111ms)
				ProcessInitializeOnLoadAttributes (265ms)
				ProcessInitializeOnLoadMethodAttributes (26ms)
				AfterProcessingInitializeOnLoad (13ms)
				EditorAssembliesLoaded (0ms)
			ExecutionOrderSort2 (0ms)
			AwakeInstancesAfterBackupRestoration (3ms)
Platform modules already initialized, skipping
Refreshing native plugins compatible for Editor in 0.43 ms, found 2 plugins.
Preloading 0 native plugins for Editor in 0.00 ms.
Unloading 1485 Unused Serialized files (Serialized files now loaded: 0)
System memory in use before: 71.1 MB.
System memory in use after: 71.2 MB.

Unloading 12 unused Assets to reduce memory usage. Loaded Objects now: 1954.
Total: 3.270700 ms (FindLiveObjects: 0.150500 ms CreateObjectMapping: 0.059500 ms MarkObjects: 2.995400 ms  DeleteObjects: 0.064400 ms)

AssetImportParameters requested are different than current active one (requested -> active):
  custom:framework-win-MediaFoundation: 216162199b28c13a410421893ffa2e32 -> 
  custom:video-decoder-ogg-theora: a1e56fd34408186e4bbccfd4996cb3dc -> 
  custom:container-muxer-webm: aa71ff27fc2769a1b78a27578f13a17b -> 
  custom:container-demuxer-webm: 4f35f7cbe854078d1ac9338744f61a02 -> 
  custom:container-demuxer-ogg: 62fdf1f143b41e24485cea50d1cbac27 -> 
  custom:video-encoder-webm-vp8: eb34c28f22e8b96e1ab97ce403110664 -> 
  custom:video-codec-MediaFoundation-h265: 746d11721c4dcdbdad8f713fa42b33f4 -> 
  custom:video-decoder-webm-vp8: 9c59270c3fd7afecdb556c50c9e8de78 -> 
  custom:audio-decoder-ogg-vorbis: bf7c407c2cedff20999df2af8eb42d56 -> 
  custom:audio-encoder-webm-vorbis: bf7c407c2cedff20999df2af8eb42d56 -> 
========================================================================
Received Import Request.
  Time since last request: 351.893543 seconds.
  path: Assets/component/Group 22.png
  artifactKey: Guid(dd124efde3dafe14f8ec0b59bad7894f) Importer(815301076,1909f56bfc062723c751e8b465ee728b)
Start importing Assets/component/Group 22.png using Guid(dd124efde3dafe14f8ec0b59bad7894f) Importer(815301076,1909f56bfc062723c751e8b465ee728b)  -> (artifact id: 'bac8e0284e28ac0178a34fab13fb1770') in 0.078384 seconds 
========================================================================
Received Import Request.
  Time since last request: 172.210497 seconds.
  path: Assets/Scenes/L1.unity
  artifactKey: Guid(9fc0d4010bbf28b4594072e72b8655ab) Importer(815301076,1909f56bfc062723c751e8b465ee728b)
Start importing Assets/Scenes/L1.unity using Guid(9fc0d4010bbf28b4594072e72b8655ab) Importer(815301076,1909f56bfc062723c751e8b465ee728b)  -> (artifact id: '6edd8325dee3c7cbe0247ac26eaac768') in 0.013378 seconds 
========================================================================
Received Prepare
Registering precompiled user dll's ...
Registered in 0.004358 seconds.
Begin MonoManager ReloadAssembly
Native extension for WindowsStandalone target not found
Refreshing native plugins compatible for Editor in 0.40 ms, found 2 plugins.
Preloading 0 native plugins for Editor in 0.00 ms.
Mono: successfully reloaded assembly
- Completed reload, in  1.253 seconds
Domain Reload Profiling:
	ReloadAssembly (1254ms)
		BeginReloadAssembly (163ms)
			ExecutionOrderSort (0ms)
			DisableScriptedObjects (6ms)
			BackupInstance (0ms)
			ReleaseScriptingObjects (0ms)
			CreateAndSetChildDomain (41ms)
		EndReloadAssembly (1004ms)
			LoadAssemblies (139ms)
			RebuildTransferFunctionScriptingTraits (0ms)
			SetupTypeCache (341ms)
			ReleaseScriptCaches (2ms)
			RebuildScriptCaches (52ms)
			SetupLoadedEditorAssemblies (394ms)
				LogAssemblyErrors (0ms)
				InitializePlatformSupportModulesInManaged (5ms)
				SetLoadedEditorAssemblies (1ms)
				RefreshPlugins (0ms)
				BeforeProcessingInitializeOnLoad (96ms)
				ProcessInitializeOnLoadAttributes (264ms)
				ProcessInitializeOnLoadMethodAttributes (18ms)
				AfterProcessingInitializeOnLoad (10ms)
				EditorAssembliesLoaded (0ms)
			ExecutionOrderSort2 (0ms)
			AwakeInstancesAfterBackupRestoration (2ms)
Platform modules already initialized, skipping
Refreshing native plugins compatible for Editor in 0.38 ms, found 2 plugins.
Preloading 0 native plugins for Editor in 0.00 ms.
Unloading 1485 Unused Serialized files (Serialized files now loaded: 0)
System memory in use before: 71.1 MB.
System memory in use after: 71.2 MB.

Unloading 12 unused Assets to reduce memory usage. Loaded Objects now: 1958.
Total: 3.249800 ms (FindLiveObjects: 0.194000 ms CreateObjectMapping: 0.070400 ms MarkObjects: 2.923300 ms  DeleteObjects: 0.061200 ms)

AssetImportParameters requested are different than current active one (requested -> active):
  custom:framework-win-MediaFoundation: 216162199b28c13a410421893ffa2e32 -> 
  custom:video-decoder-ogg-theora: a1e56fd34408186e4bbccfd4996cb3dc -> 
  custom:container-muxer-webm: aa71ff27fc2769a1b78a27578f13a17b -> 
  custom:container-demuxer-webm: 4f35f7cbe854078d1ac9338744f61a02 -> 
  custom:container-demuxer-ogg: 62fdf1f143b41e24485cea50d1cbac27 -> 
  custom:video-encoder-webm-vp8: eb34c28f22e8b96e1ab97ce403110664 -> 
  custom:video-codec-MediaFoundation-h265: 746d11721c4dcdbdad8f713fa42b33f4 -> 
  custom:video-decoder-webm-vp8: 9c59270c3fd7afecdb556c50c9e8de78 -> 
  custom:audio-decoder-ogg-vorbis: bf7c407c2cedff20999df2af8eb42d56 -> 
  custom:audio-encoder-webm-vorbis: bf7c407c2cedff20999df2af8eb42d56 -> 
========================================================================
Received Import Request.
  Time since last request: 30.645193 seconds.
  path: Assets/Scenes/L2.unity
  artifactKey: Guid(f6d4757e5fcdb684f94c0d6398b17578) Importer(815301076,1909f56bfc062723c751e8b465ee728b)
Start importing Assets/Scenes/L2.unity using Guid(f6d4757e5fcdb684f94c0d6398b17578) Importer(815301076,1909f56bfc062723c751e8b465ee728b)  -> (artifact id: '9b4d5a12867f5f623705b62cac304a88') in 0.010418 seconds 
========================================================================
Received Prepare
Registering precompiled user dll's ...
Registered in 0.006419 seconds.
Begin MonoManager ReloadAssembly
Native extension for WindowsStandalone target not found
Refreshing native plugins compatible for Editor in 0.42 ms, found 2 plugins.
Preloading 0 native plugins for Editor in 0.00 ms.
Mono: successfully reloaded assembly
- Completed reload, in  1.243 seconds
Domain Reload Profiling:
	ReloadAssembly (1244ms)
		BeginReloadAssembly (170ms)
			ExecutionOrderSort (0ms)
			DisableScriptedObjects (10ms)
			BackupInstance (0ms)
			ReleaseScriptingObjects (0ms)
			CreateAndSetChildDomain (46ms)
		EndReloadAssembly (993ms)
			LoadAssemblies (129ms)
			RebuildTransferFunctionScriptingTraits (0ms)
			SetupTypeCache (319ms)
			ReleaseScriptCaches (1ms)
			RebuildScriptCaches (57ms)
			SetupLoadedEditorAssemblies (376ms)
				LogAssemblyErrors (0ms)
				InitializePlatformSupportModulesInManaged (6ms)
				SetLoadedEditorAssemblies (1ms)
				RefreshPlugins (1ms)
				BeforeProcessingInitializeOnLoad (94ms)
				ProcessInitializeOnLoadAttributes (245ms)
				ProcessInitializeOnLoadMethodAttributes (20ms)
				AfterProcessingInitializeOnLoad (10ms)
				EditorAssembliesLoaded (0ms)
			ExecutionOrderSort2 (0ms)
			AwakeInstancesAfterBackupRestoration (3ms)
Platform modules already initialized, skipping
Refreshing native plugins compatible for Editor in 0.36 ms, found 2 plugins.
Preloading 0 native plugins for Editor in 0.00 ms.
Unloading 1485 Unused Serialized files (Serialized files now loaded: 0)
System memory in use before: 71.1 MB.
System memory in use after: 71.2 MB.

Unloading 12 unused Assets to reduce memory usage. Loaded Objects now: 1961.
Total: 2.933300 ms (FindLiveObjects: 0.144600 ms CreateObjectMapping: 0.058500 ms MarkObjects: 2.669700 ms  DeleteObjects: 0.059600 ms)

AssetImportParameters requested are different than current active one (requested -> active):
  custom:framework-win-MediaFoundation: 216162199b28c13a410421893ffa2e32 -> 
  custom:video-decoder-ogg-theora: a1e56fd34408186e4bbccfd4996cb3dc -> 
  custom:container-muxer-webm: aa71ff27fc2769a1b78a27578f13a17b -> 
  custom:container-demuxer-webm: 4f35f7cbe854078d1ac9338744f61a02 -> 
  custom:container-demuxer-ogg: 62fdf1f143b41e24485cea50d1cbac27 -> 
  custom:video-encoder-webm-vp8: eb34c28f22e8b96e1ab97ce403110664 -> 
  custom:video-codec-MediaFoundation-h265: 746d11721c4dcdbdad8f713fa42b33f4 -> 
  custom:video-decoder-webm-vp8: 9c59270c3fd7afecdb556c50c9e8de78 -> 
  custom:audio-decoder-ogg-vorbis: bf7c407c2cedff20999df2af8eb42d56 -> 
  custom:audio-encoder-webm-vorbis: bf7c407c2cedff20999df2af8eb42d56 -> 
========================================================================
Received Import Request.
  Time since last request: 16.680795 seconds.
  path: Assets/Scenes/L2.unity
  artifactKey: Guid(f6d4757e5fcdb684f94c0d6398b17578) Importer(815301076,1909f56bfc062723c751e8b465ee728b)
Start importing Assets/Scenes/L2.unity using Guid(f6d4757e5fcdb684f94c0d6398b17578) Importer(815301076,1909f56bfc062723c751e8b465ee728b)  -> (artifact id: '460ef834858a7f8ab60209b46e029306') in 0.010207 seconds 
========================================================================
Received Import Request.
  Time since last request: 101.981268 seconds.
  path: Assets/component/Group 32.png
  artifactKey: Guid(005cce0953695604a80ccbed6a36c70a) Importer(815301076,1909f56bfc062723c751e8b465ee728b)
Start importing Assets/component/Group 32.png using Guid(005cce0953695604a80ccbed6a36c70a) Importer(815301076,1909f56bfc062723c751e8b465ee728b)  -> (artifact id: 'f8c11e6d931f5abbb59be757e938685a') in 0.044218 seconds 
========================================================================
Received Import Request.
  Time since last request: 300.033905 seconds.
  path: Assets/component/Group 22.png
  artifactKey: Guid(dd124efde3dafe14f8ec0b59bad7894f) Importer(815301076,1909f56bfc062723c751e8b465ee728b)
Start importing Assets/component/Group 22.png using Guid(dd124efde3dafe14f8ec0b59bad7894f) Importer(815301076,1909f56bfc062723c751e8b465ee728b)  -> (artifact id: 'bade2e2337d617b90902a087c59fcddf') in 0.066686 seconds 
========================================================================
Received Import Request.
  Time since last request: 71.898424 seconds.
  path: Assets/component/口紅1.png
  artifactKey: Guid(d094845b3438b0e499a8f04d13a300f2) Importer(815301076,1909f56bfc062723c751e8b465ee728b)
Start importing Assets/component/口紅1.png using Guid(d094845b3438b0e499a8f04d13a300f2) Importer(815301076,1909f56bfc062723c751e8b465ee728b)  -> (artifact id: '47992db224189daa32be4f70e62b3e8f') in 0.038073 seconds 
========================================================================
Received Import Request.
  Time since last request: 59.108627 seconds.
  path: Assets/component/口紅2.png
  artifactKey: Guid(16e2370efe844ce42802c029b3bfe12c) Importer(815301076,1909f56bfc062723c751e8b465ee728b)
Start importing Assets/component/口紅2.png using Guid(16e2370efe844ce42802c029b3bfe12c) Importer(815301076,1909f56bfc062723c751e8b465ee728b)  -> (artifact id: '54f1b6f0a38d706e1a6da4ca344b9c00') in 0.026116 seconds 
========================================================================
Received Prepare
Registering precompiled user dll's ...
Registered in 0.004568 seconds.
Begin MonoManager ReloadAssembly
Native extension for WindowsStandalone target not found
Refreshing native plugins compatible for Editor in 0.87 ms, found 2 plugins.
Preloading 0 native plugins for Editor in 0.00 ms.
Mono: successfully reloaded assembly
- Completed reload, in  1.344 seconds
Domain Reload Profiling:
	ReloadAssembly (1345ms)
		BeginReloadAssembly (152ms)
			ExecutionOrderSort (0ms)
			DisableScriptedObjects (7ms)
			BackupInstance (0ms)
			ReleaseScriptingObjects (0ms)
			CreateAndSetChildDomain (39ms)
		EndReloadAssembly (1101ms)
			LoadAssemblies (124ms)
			RebuildTransferFunctionScriptingTraits (0ms)
			SetupTypeCache (404ms)
			ReleaseScriptCaches (1ms)
			RebuildScriptCaches (81ms)
			SetupLoadedEditorAssemblies (361ms)
				LogAssemblyErrors (0ms)
				InitializePlatformSupportModulesInManaged (6ms)
				SetLoadedEditorAssemblies (1ms)
				RefreshPlugins (1ms)
				BeforeProcessingInitializeOnLoad (97ms)
				ProcessInitializeOnLoadAttributes (231ms)
				ProcessInitializeOnLoadMethodAttributes (16ms)
				AfterProcessingInitializeOnLoad (9ms)
				EditorAssembliesLoaded (0ms)
			ExecutionOrderSort2 (0ms)
			AwakeInstancesAfterBackupRestoration (2ms)
Platform modules already initialized, skipping
Refreshing native plugins compatible for Editor in 0.37 ms, found 2 plugins.
Preloading 0 native plugins for Editor in 0.00 ms.
Unloading 1485 Unused Serialized files (Serialized files now loaded: 0)
System memory in use before: 71.1 MB.
System memory in use after: 71.2 MB.

Unloading 12 unused Assets to reduce memory usage. Loaded Objects now: 1967.
Total: 3.144600 ms (FindLiveObjects: 0.142100 ms CreateObjectMapping: 0.057400 ms MarkObjects: 2.868300 ms  DeleteObjects: 0.075700 ms)

AssetImportParameters requested are different than current active one (requested -> active):
  custom:framework-win-MediaFoundation: 216162199b28c13a410421893ffa2e32 -> 
  custom:video-decoder-ogg-theora: a1e56fd34408186e4bbccfd4996cb3dc -> 
  custom:container-muxer-webm: aa71ff27fc2769a1b78a27578f13a17b -> 
  custom:container-demuxer-webm: 4f35f7cbe854078d1ac9338744f61a02 -> 
  custom:container-demuxer-ogg: 62fdf1f143b41e24485cea50d1cbac27 -> 
  custom:video-encoder-webm-vp8: eb34c28f22e8b96e1ab97ce403110664 -> 
  custom:video-codec-MediaFoundation-h265: 746d11721c4dcdbdad8f713fa42b33f4 -> 
  custom:video-decoder-webm-vp8: 9c59270c3fd7afecdb556c50c9e8de78 -> 
  custom:audio-decoder-ogg-vorbis: bf7c407c2cedff20999df2af8eb42d56 -> 
  custom:audio-encoder-webm-vorbis: bf7c407c2cedff20999df2af8eb42d56 -> 
========================================================================
Received Import Request.
  Time since last request: 56.292280 seconds.
  path: Assets/Scenes/L2.unity
  artifactKey: Guid(f6d4757e5fcdb684f94c0d6398b17578) Importer(815301076,1909f56bfc062723c751e8b465ee728b)
Start importing Assets/Scenes/L2.unity using Guid(f6d4757e5fcdb684f94c0d6398b17578) Importer(815301076,1909f56bfc062723c751e8b465ee728b)  -> (artifact id: 'ae24c66c6af9d5357238ca9bcda340ac') in 0.009269 seconds 
========================================================================
Received Import Request.
  Time since last request: 41.395096 seconds.
  path: Assets/component/Group 25.png
  artifactKey: Guid(2a2dc5ea33fc4774ab9b7a17d3064d26) Importer(815301076,1909f56bfc062723c751e8b465ee728b)
Start importing Assets/component/Group 25.png using Guid(2a2dc5ea33fc4774ab9b7a17d3064d26) Importer(815301076,1909f56bfc062723c751e8b465ee728b)  -> (artifact id: 'e46497b241bffa1a87e363aaf478a755') in 0.044473 seconds 
========================================================================
Received Import Request.
  Time since last request: 102.724840 seconds.
  path: Assets/Scenes/input_num.unity
  artifactKey: Guid(461971c7afa5ef54581c7606386a1c3e) Importer(815301076,1909f56bfc062723c751e8b465ee728b)
Start importing Assets/Scenes/input_num.unity using Guid(461971c7afa5ef54581c7606386a1c3e) Importer(815301076,1909f56bfc062723c751e8b465ee728b)  -> (artifact id: 'f04d1e952c91d785e1cf6ae523c3f7f1') in 0.013216 seconds 
========================================================================
Received Import Request.
  Time since last request: 12.461190 seconds.
  path: Assets/component/backsquare.png
  artifactKey: Guid(67fe65e5bc2124e4e82e475ae4baa617) Importer(815301076,1909f56bfc062723c751e8b465ee728b)
Start importing Assets/component/backsquare.png using Guid(67fe65e5bc2124e4e82e475ae4baa617) Importer(815301076,1909f56bfc062723c751e8b465ee728b)  -> (artifact id: 'cbbbf4374449c3ae99ac6fa1b96e4b6c') in 0.016446 seconds 
========================================================================
Received Import Request.
  Time since last request: 0.543753 seconds.
  path: Assets/component/Group 1.png
  artifactKey: Guid(e7f8f1b14b4ef77499af73257cb47551) Importer(815301076,1909f56bfc062723c751e8b465ee728b)
Start importing Assets/component/Group 1.png using Guid(e7f8f1b14b4ef77499af73257cb47551) Importer(815301076,1909f56bfc062723c751e8b465ee728b)  -> (artifact id: '1cbffc4623948dfe2a75149dad837ec1') in 0.042654 seconds 
========================================================================
Received Import Request.
  Time since last request: 1.609703 seconds.
  path: Assets/component/Group 15.png
  artifactKey: Guid(2f076bb5fce85984f92af9dc27be2b54) Importer(815301076,1909f56bfc062723c751e8b465ee728b)
Start importing Assets/component/Group 15.png using Guid(2f076bb5fce85984f92af9dc27be2b54) Importer(815301076,1909f56bfc062723c751e8b465ee728b)  -> (artifact id: 'bbf8efa3c5b8ae3f49b1857a89ccd9fc') in 0.026451 seconds 
========================================================================
Received Prepare
Registering precompiled user dll's ...
Registered in 0.005066 seconds.
Begin MonoManager ReloadAssembly
Native extension for WindowsStandalone target not found
Refreshing native plugins compatible for Editor in 0.52 ms, found 2 plugins.
Preloading 0 native plugins for Editor in 0.00 ms.
Mono: successfully reloaded assembly
- Completed reload, in  1.527 seconds
Domain Reload Profiling:
	ReloadAssembly (1528ms)
		BeginReloadAssembly (163ms)
			ExecutionOrderSort (0ms)
			DisableScriptedObjects (5ms)
			BackupInstance (0ms)
			ReleaseScriptingObjects (0ms)
			CreateAndSetChildDomain (39ms)
		EndReloadAssembly (1242ms)
			LoadAssemblies (164ms)
			RebuildTransferFunctionScriptingTraits (0ms)
			SetupTypeCache (465ms)
			ReleaseScriptCaches (1ms)
			RebuildScriptCaches (67ms)
			SetupLoadedEditorAssemblies (427ms)
				LogAssemblyErrors (0ms)
				InitializePlatformSupportModulesInManaged (7ms)
				SetLoadedEditorAssemblies (1ms)
				RefreshPlugins (1ms)
				BeforeProcessingInitializeOnLoad (119ms)
				ProcessInitializeOnLoadAttributes (269ms)
				ProcessInitializeOnLoadMethodAttributes (19ms)
				AfterProcessingInitializeOnLoad (11ms)
				EditorAssembliesLoaded (0ms)
			ExecutionOrderSort2 (0ms)
			AwakeInstancesAfterBackupRestoration (3ms)
Platform modules already initialized, skipping
Refreshing native plugins compatible for Editor in 0.48 ms, found 2 plugins.
Preloading 0 native plugins for Editor in 0.00 ms.
Unloading 1485 Unused Serialized files (Serialized files now loaded: 0)
System memory in use before: 71.2 MB.
System memory in use after: 71.2 MB.

Unloading 12 unused Assets to reduce memory usage. Loaded Objects now: 1974.
Total: 4.762000 ms (FindLiveObjects: 0.187900 ms CreateObjectMapping: 0.064300 ms MarkObjects: 4.432000 ms  DeleteObjects: 0.076100 ms)

AssetImportParameters requested are different than current active one (requested -> active):
  custom:framework-win-MediaFoundation: 216162199b28c13a410421893ffa2e32 -> 
  custom:video-decoder-ogg-theora: a1e56fd34408186e4bbccfd4996cb3dc -> 
  custom:container-muxer-webm: aa71ff27fc2769a1b78a27578f13a17b -> 
  custom:container-demuxer-webm: 4f35f7cbe854078d1ac9338744f61a02 -> 
  custom:container-demuxer-ogg: 62fdf1f143b41e24485cea50d1cbac27 -> 
  custom:video-encoder-webm-vp8: eb34c28f22e8b96e1ab97ce403110664 -> 
  custom:video-codec-MediaFoundation-h265: 746d11721c4dcdbdad8f713fa42b33f4 -> 
  custom:video-decoder-webm-vp8: 9c59270c3fd7afecdb556c50c9e8de78 -> 
  custom:audio-decoder-ogg-vorbis: bf7c407c2cedff20999df2af8eb42d56 -> 
  custom:audio-encoder-webm-vorbis: bf7c407c2cedff20999df2af8eb42d56 -> 
AssetImportWorkerClient::OnTransportError - code=2 error=End of file
